 WARN [2016-09-07 15:22:33,046] (ComponentFactory.java:getComponentBean:1149) - Unable to get component for id 'Certificate': Unable to get bean for id 'Certificate'
 WARN [2016-09-07 15:22:33,052] (ComponentFactory.java:getComponentBean:1149) - Unable to get component for id 'AuraDefinitionBundle': Unable to get bean for id 'AuraDefinitionBundle'
 WARN [2016-09-07 15:22:33,054] (ComponentFactory.java:getComponentBean:1149) - Unable to get component for id 'ExternalDataSource': Unable to get bean for id 'ExternalDataSource'
 WARN [2016-09-07 15:22:33,055] (ComponentFactory.java:getComponentBean:1149) - Unable to get component for id 'NamedCredential': Unable to get bean for id 'NamedCredential'
 WARN [2016-09-07 15:22:33,058] (ComponentFactory.java:getComponentBean:1149) - Unable to get component for id 'GlobalPicklist': Unable to get bean for id 'GlobalPicklist'
 WARN [2016-09-07 15:22:33,062] (ComponentFactory.java:getComponentBean:1149) - Unable to get component for id 'CustomFeedFilter': Unable to get bean for id 'CustomFeedFilter'
 WARN [2016-09-07 15:22:33,066] (ComponentFactory.java:getComponentBean:1149) - Unable to get component for id 'FlowDefinition': Unable to get bean for id 'FlowDefinition'
 WARN [2016-09-07 15:22:33,070] (ComponentFactory.java:getComponentBean:1149) - Unable to get component for id 'MatchingRules': Unable to get bean for id 'MatchingRules'
 WARN [2016-09-07 15:22:33,072] (ComponentFactory.java:getComponentBean:1149) - Unable to get component for id 'ChannelLayout': Unable to get bean for id 'ChannelLayout'
 WARN [2016-09-07 15:22:33,074] (ComponentFactory.java:getComponentBean:1149) - Unable to get component for id 'SharingRules': Unable to get bean for id 'SharingRules'
 WARN [2016-09-07 15:22:33,076] (ComponentFactory.java:getComponentBean:1149) - Unable to get component for id 'DelegateGroup': Unable to get bean for id 'DelegateGroup'
 WARN [2016-09-07 15:22:33,078] (ComponentFactory.java:getComponentBean:1149) - Unable to get component for id 'ManagedTopics': Unable to get bean for id 'ManagedTopics'
 WARN [2016-09-07 15:22:33,079] (ComponentFactory.java:getComponentBean:1149) - Unable to get component for id 'KeywordList': Unable to get bean for id 'KeywordList'
 WARN [2016-09-07 15:22:33,081] (ComponentFactory.java:getComponentBean:1149) - Unable to get component for id 'ModerationRule': Unable to get bean for id 'ModerationRule'
 WARN [2016-09-07 15:22:33,083] (ComponentFactory.java:getComponentBean:1149) - Unable to get component for id 'CorsWhitelistOrigin': Unable to get bean for id 'CorsWhitelistOrigin'
 WARN [2016-09-07 15:22:33,085] (ComponentFactory.java:getComponentBean:1149) - Unable to get component for id 'ActionLinkGroupTemplate': Unable to get bean for id 'ActionLinkGroupTemplate'
 WARN [2016-09-07 15:22:33,087] (ComponentFactory.java:getComponentBean:1149) - Unable to get component for id 'TransactionSecurityPolicy': Unable to get bean for id 'TransactionSecurityPolicy'
 WARN [2016-09-07 15:22:33,088] (ComponentFactory.java:getComponentBean:1149) - Unable to get component for id 'SynonymDictionary': Unable to get bean for id 'SynonymDictionary'
 WARN [2016-09-07 15:22:33,090] (ComponentFactory.java:getComponentBean:1149) - Unable to get component for id 'PathAssistant': Unable to get bean for id 'PathAssistant'
 WARN [2016-09-07 15:22:33,092] (ComponentFactory.java:getComponentBean:1149) - Unable to get component for id 'PlatformCachePartition': Unable to get bean for id 'PlatformCachePartition'
 WARN [2016-09-07 15:22:34,288] (ComponentFactory.java:getComponentBean:1149) - Unable to get component for id 'Certificate': Unable to get bean for id 'Certificate'
 WARN [2016-09-07 15:22:34,290] (ComponentFactory.java:getComponentBean:1149) - Unable to get component for id 'AuraDefinitionBundle': Unable to get bean for id 'AuraDefinitionBundle'
 WARN [2016-09-07 15:22:34,292] (ComponentFactory.java:getComponentBean:1149) - Unable to get component for id 'ExternalDataSource': Unable to get bean for id 'ExternalDataSource'
 WARN [2016-09-07 15:22:34,294] (ComponentFactory.java:getComponentBean:1149) - Unable to get component for id 'NamedCredential': Unable to get bean for id 'NamedCredential'
 WARN [2016-09-07 15:22:34,296] (ComponentFactory.java:getComponentBean:1149) - Unable to get component for id 'GlobalPicklist': Unable to get bean for id 'GlobalPicklist'
 WARN [2016-09-07 15:22:34,300] (ComponentFactory.java:getComponentBean:1149) - Unable to get component for id 'CustomFeedFilter': Unable to get bean for id 'CustomFeedFilter'
 WARN [2016-09-07 15:22:34,303] (ComponentFactory.java:getComponentBean:1149) - Unable to get component for id 'FlowDefinition': Unable to get bean for id 'FlowDefinition'
 WARN [2016-09-07 15:22:34,307] (ComponentFactory.java:getComponentBean:1149) - Unable to get component for id 'MatchingRules': Unable to get bean for id 'MatchingRules'
 WARN [2016-09-07 15:22:34,308] (ComponentFactory.java:getComponentBean:1149) - Unable to get component for id 'ChannelLayout': Unable to get bean for id 'ChannelLayout'
 WARN [2016-09-07 15:22:34,310] (ComponentFactory.java:getComponentBean:1149) - Unable to get component for id 'SharingRules': Unable to get bean for id 'SharingRules'
 WARN [2016-09-07 15:22:34,312] (ComponentFactory.java:getComponentBean:1149) - Unable to get component for id 'DelegateGroup': Unable to get bean for id 'DelegateGroup'
 WARN [2016-09-07 15:22:34,314] (ComponentFactory.java:getComponentBean:1149) - Unable to get component for id 'ManagedTopics': Unable to get bean for id 'ManagedTopics'
 WARN [2016-09-07 15:22:34,316] (ComponentFactory.java:getComponentBean:1149) - Unable to get component for id 'KeywordList': Unable to get bean for id 'KeywordList'
 WARN [2016-09-07 15:22:34,317] (ComponentFactory.java:getComponentBean:1149) - Unable to get component for id 'ModerationRule': Unable to get bean for id 'ModerationRule'
 WARN [2016-09-07 15:22:34,318] (ComponentFactory.java:getComponentBean:1149) - Unable to get component for id 'CorsWhitelistOrigin': Unable to get bean for id 'CorsWhitelistOrigin'
 WARN [2016-09-07 15:22:34,319] (ComponentFactory.java:getComponentBean:1149) - Unable to get component for id 'ActionLinkGroupTemplate': Unable to get bean for id 'ActionLinkGroupTemplate'
 WARN [2016-09-07 15:22:34,321] (ComponentFactory.java:getComponentBean:1149) - Unable to get component for id 'TransactionSecurityPolicy': Unable to get bean for id 'TransactionSecurityPolicy'
 WARN [2016-09-07 15:22:34,322] (ComponentFactory.java:getComponentBean:1149) - Unable to get component for id 'SynonymDictionary': Unable to get bean for id 'SynonymDictionary'
 WARN [2016-09-07 15:22:34,323] (ComponentFactory.java:getComponentBean:1149) - Unable to get component for id 'PathAssistant': Unable to get bean for id 'PathAssistant'
 WARN [2016-09-07 15:22:34,324] (ComponentFactory.java:getComponentBean:1149) - Unable to get component for id 'PlatformCachePartition': Unable to get bean for id 'PlatformCachePartition'
 WARN [2016-09-07 15:23:41,933] (ProjectController.java:handleRetrieveResults:762) - Failed to retrieve: 'Motivational Quotes/package.xml': Can't retrieve non-customizable CustomObject named: Motivational_Quote_Trigger_Id__c
 WARN [2016-09-07 15:23:41,936] (ProjectController.java:handleRetrieveResults:762) - Failed to retrieve: 'Motivational Quotes/package.xml': Can't retrieve non-customizable CustomObject named: Motivational_Quote_Library__c
 WARN [2016-09-07 15:23:41,937] (ProjectController.java:handleRetrieveResults:762) - Failed to retrieve: 'Motivational Quotes/package.xml': Can't retrieve non-customizable CustomObject named: Motivational_Quote_of_the_Day__c
 WARN [2016-09-07 15:23:41,939] (ProjectController.java:handleRetrieveResults:762) - Failed to retrieve: 'Motivational Quotes/package.xml': Can't retrieve non-customizable CustomObject named: Motivational_Quote_Trigger_Id__c
 WARN [2016-09-07 15:23:41,940] (ProjectController.java:handleRetrieveResults:762) - Failed to retrieve: 'Motivational Quotes/package.xml': Can't retrieve non-customizable CustomObject named: Motivational_Quote_Library__c
 WARN [2016-09-07 15:23:41,941] (ProjectController.java:handleRetrieveResults:762) - Failed to retrieve: 'Motivational Quotes/package.xml': Can't retrieve non-customizable CustomObject named: Motivational_Quote_of_the_Day__c
 WARN [2016-09-07 15:23:41,943] (ProjectController.java:handleRetrieveResults:762) - Failed to retrieve: 'Salesforce Connected Apps/package.xml': Metadata API received improper input. Please ensure file name and capitalization is correct. Load of metadata from db failed for metadata of type:ConnectedApp and file name:Forcecom_Migration_Tool.
 WARN [2016-09-07 15:23:41,944] (ProjectController.java:handleRetrieveResults:762) - Failed to retrieve: 'Salesforce Connected Apps/package.xml': Metadata API received improper input. Please ensure file name and capitalization is correct. Load of metadata from db failed for metadata of type:ConnectedApp and file name:Salesforce_Mobile_Dashboards.
 WARN [2016-09-07 15:23:41,945] (ProjectController.java:handleRetrieveResults:762) - Failed to retrieve: 'Salesforce Connected Apps/package.xml': Metadata API received improper input. Please ensure file name and capitalization is correct. Load of metadata from db failed for metadata of type:ConnectedApp and file name:Salesforce_Touch.
 WARN [2016-09-07 15:23:41,946] (ProjectController.java:handleRetrieveResults:762) - Failed to retrieve: 'Salesforce Connected Apps/package.xml': Metadata API received improper input. Please ensure file name and capitalization is correct. Load of metadata from db failed for metadata of type:ConnectedApp and file name:Salesforce_for_Outlook.
 WARN [2016-09-07 15:23:41,948] (ProjectController.java:handleRetrieveResults:762) - Failed to retrieve: 'Salesforce Connected Apps/package.xml': Metadata API received improper input. Please ensure file name and capitalization is correct. Load of metadata from db failed for metadata of type:ConnectedApp and file name:Workbench.
 WARN [2016-09-07 15:23:41,949] (ProjectController.java:handleRetrieveResults:762) - Failed to retrieve: 'Salesforce Connected Apps/package.xml': Metadata API received improper input. Please ensure file name and capitalization is correct. Load of metadata from db failed for metadata of type:ConnectedApp and file name:Dataloader_Bulk.
 WARN [2016-09-07 15:23:41,950] (ProjectController.java:handleRetrieveResults:762) - Failed to retrieve: 'Salesforce Connected Apps/package.xml': Metadata API received improper input. Please ensure file name and capitalization is correct. Load of metadata from db failed for metadata of type:ConnectedApp and file name:Dataloader_Partner.
 WARN [2016-09-07 15:23:41,952] (ProjectController.java:handleRetrieveResults:762) - Failed to retrieve: 'Salesforce Connected Apps/package.xml': Metadata API received improper input. Please ensure file name and capitalization is correct. Load of metadata from db failed for metadata of type:ConnectedApp and file name:Forcecom_IDE.
 WARN [2016-09-07 15:23:41,956] (ComponentFactory.java:getComponentByFilePath:614) - No id found for filepath 'modules/Dataloader_Bulk_oauth/ConnectivityDevConfigs/Dataloader_Bulk_oauth_devConfig.ConnectivityDevConfig', tagging as component of type 'Unknown'
 WARN [2016-09-07 15:23:41,960] (ComponentFactory.java:getComponentByFilePath:614) - No id found for filepath 'modules/Dataloader_Bulk_oauth/modules/sf_com_apps__Dataloader_Bulk_oauth', tagging as component of type 'Unknown'
 WARN [2016-09-07 15:23:41,970] (ComponentFactory.java:getComponentByFilePath:614) - No id found for filepath 'applicationManifests/Dataloader_Bulk', tagging as component of type 'Unknown'
 WARN [2016-09-07 15:23:41,971] (ComponentFactory.java:getComponentByFilePath:614) - No id found for filepath 'modules/Dataloader_P5r_oauth/ConnectivityDevConfigs/Dataloader_P5r_oauth_devConfig.ConnectivityDevConfig', tagging as component of type 'Unknown'
 WARN [2016-09-07 15:23:41,973] (ComponentFactory.java:getComponentByFilePath:614) - No id found for filepath 'modules/Dataloader_P5r_oauth/modules/sf_com_apps__Dataloader_P5r_oauth', tagging as component of type 'Unknown'
 WARN [2016-09-07 15:23:41,975] (ComponentFactory.java:getComponentByFilePath:614) - No id found for filepath 'applicationManifests/Dataloader_Partner', tagging as component of type 'Unknown'
 WARN [2016-09-07 15:23:41,978] (ComponentFactory.java:getComponentByFilePath:614) - No id found for filepath 'modules/Forcecom_IDE_oauth/ConnectivityDevConfigs/Forcecom_IDE_oauth_devConfig.ConnectivityDevConfig', tagging as component of type 'Unknown'
 WARN [2016-09-07 15:23:41,980] (ComponentFactory.java:getComponentByFilePath:614) - No id found for filepath 'modules/Forcecom_IDE_oauth/modules/sf_com_apps__Forcecom_IDE_oauth', tagging as component of type 'Unknown'
 WARN [2016-09-07 15:23:41,982] (ComponentFactory.java:getComponentByFilePath:614) - No id found for filepath 'applicationManifests/Forcecom_IDE', tagging as component of type 'Unknown'
 WARN [2016-09-07 15:23:41,984] (ComponentFactory.java:getComponentByFilePath:614) - No id found for filepath 'modules/Forcecom_Migration_Tool_oauth/ConnectivityDevConfigs/Forcecom_Migration_Tool_oauth_devConfig.ConnectivityDevConfig', tagging as component of type 'Unknown'
 WARN [2016-09-07 15:23:41,985] (ComponentFactory.java:getComponentByFilePath:614) - No id found for filepath 'modules/Forcecom_Migration_Tool_oauth/modules/sf_com_apps__Forcecom_Migration_Tool_oauth', tagging as component of type 'Unknown'
 WARN [2016-09-07 15:23:41,987] (ComponentFactory.java:getComponentByFilePath:614) - No id found for filepath 'applicationManifests/Forcecom_Migration_Tool', tagging as component of type 'Unknown'
 WARN [2016-09-07 15:23:41,989] (ComponentFactory.java:getComponentByFilePath:614) - No id found for filepath 'modules/S8e_M4e_Dashboards_oauth/ConnectivityDevConfigs/S8e_M4e_Dashboards_oauth_devConfig.ConnectivityDevConfig', tagging as component of type 'Unknown'
 WARN [2016-09-07 15:23:41,991] (ComponentFactory.java:getComponentByFilePath:614) - No id found for filepath 'modules/S8e_M4e_Dashboards_oauth/modules/sf_com_apps__S8e_M4e_Dashboards_oauth', tagging as component of type 'Unknown'
 WARN [2016-09-07 15:23:41,993] (ComponentFactory.java:getComponentByFilePath:614) - No id found for filepath 'applicationManifests/Salesforce_Mobile_Dashboards', tagging as component of type 'Unknown'
 WARN [2016-09-07 15:23:41,994] (ComponentFactory.java:getComponentByFilePath:614) - No id found for filepath 'modules/S8e_T3h_oauth/ConnectivityDevConfigs/S8e_T3h_oauth_devConfig.ConnectivityDevConfig', tagging as component of type 'Unknown'
 WARN [2016-09-07 15:23:41,996] (ComponentFactory.java:getComponentByFilePath:614) - No id found for filepath 'modules/S8e_T3h_oauth/modules/sf_com_apps__S8e_T3h_oauth', tagging as component of type 'Unknown'
 WARN [2016-09-07 15:23:41,998] (ComponentFactory.java:getComponentByFilePath:614) - No id found for filepath 'applicationManifests/Salesforce_Touch', tagging as component of type 'Unknown'
 WARN [2016-09-07 15:23:42,000] (ComponentFactory.java:getComponentByFilePath:614) - No id found for filepath 'modules/S8e_for_Outlook_oauth/ConnectivityDevConfigs/S8e_for_Outlook_oauth_devConfig.ConnectivityDevConfig', tagging as component of type 'Unknown'
 WARN [2016-09-07 15:23:42,001] (ComponentFactory.java:getComponentByFilePath:614) - No id found for filepath 'modules/S8e_for_Outlook_oauth/modules/sf_com_apps__S8e_for_Outlook_oauth', tagging as component of type 'Unknown'
 WARN [2016-09-07 15:23:42,003] (ComponentFactory.java:getComponentByFilePath:614) - No id found for filepath 'applicationManifests/Salesforce_for_Outlook', tagging as component of type 'Unknown'
 WARN [2016-09-07 15:23:42,005] (ComponentFactory.java:getComponentByFilePath:614) - No id found for filepath 'modules/Workbench_oauth/ConnectivityDevConfigs/Workbench_oauth_devConfig.ConnectivityDevConfig', tagging as component of type 'Unknown'
 WARN [2016-09-07 15:23:42,007] (ComponentFactory.java:getComponentByFilePath:614) - No id found for filepath 'modules/Workbench_oauth/modules/sf_com_apps__Workbench_oauth', tagging as component of type 'Unknown'
 WARN [2016-09-07 15:23:42,009] (ComponentFactory.java:getComponentByFilePath:614) - No id found for filepath 'applicationManifests/Workbench', tagging as component of type 'Unknown'
ERROR [2016-09-07 15:23:42,010] (ProjectPackageList.java:generateComponents:483) - Filepath-zip mapping is null or empty for package 'Salesforce Connected Apps' [0A337000000L6gDCAS] - skipping component generation
 WARN [2016-09-07 15:23:48,870] (ProjectPackageList.java:saveResources:1161) - Component list in project package 'Salesforce Connected Apps' is empty.  No resources to save.
 WARN [2016-09-07 15:24:13,518] (Utils.java:loadDocument:800) - Unable to load document: C:\Users\Plakhangaonkar\Workspace\DemoCreator\.metadata\.plugins\org.eclipse.core.resources\.projects\Dcreator\com.salesforce.ide.core\packageCache.xml (The system cannot find the file specified)
 WARN [2016-09-07 15:24:15,835] (Utils.java:loadDocument:800) - Unable to load document: C:\Users\Plakhangaonkar\Workspace\DemoCreator\.metadata\.plugins\org.eclipse.core.resources\.projects\Dcreator\com.salesforce.ide.core\packageCache.xml (The system cannot find the file specified)
 WARN [2016-09-07 15:24:17,093] (ComponentFactory.java:getComponentBean:1149) - Unable to get component for id 'Certificate': Unable to get bean for id 'Certificate'
 WARN [2016-09-07 15:24:17,096] (ComponentFactory.java:getComponentBean:1149) - Unable to get component for id 'AuraDefinitionBundle': Unable to get bean for id 'AuraDefinitionBundle'
 WARN [2016-09-07 15:24:17,100] (ComponentFactory.java:getComponentBean:1149) - Unable to get component for id 'ExternalDataSource': Unable to get bean for id 'ExternalDataSource'
 WARN [2016-09-07 15:24:17,103] (ComponentFactory.java:getComponentBean:1149) - Unable to get component for id 'NamedCredential': Unable to get bean for id 'NamedCredential'
 WARN [2016-09-07 15:24:17,105] (ComponentFactory.java:getComponentBean:1149) - Unable to get component for id 'GlobalPicklist': Unable to get bean for id 'GlobalPicklist'
 WARN [2016-09-07 15:24:17,108] (ComponentFactory.java:getComponentBean:1149) - Unable to get component for id 'CustomFeedFilter': Unable to get bean for id 'CustomFeedFilter'
 WARN [2016-09-07 15:24:17,112] (ComponentFactory.java:getComponentBean:1149) - Unable to get component for id 'FlowDefinition': Unable to get bean for id 'FlowDefinition'
 WARN [2016-09-07 15:24:17,116] (ComponentFactory.java:getComponentBean:1149) - Unable to get component for id 'MatchingRules': Unable to get bean for id 'MatchingRules'
 WARN [2016-09-07 15:24:17,118] (ComponentFactory.java:getComponentBean:1149) - Unable to get component for id 'ChannelLayout': Unable to get bean for id 'ChannelLayout'
 WARN [2016-09-07 15:24:17,119] (ComponentFactory.java:getComponentBean:1149) - Unable to get component for id 'SharingRules': Unable to get bean for id 'SharingRules'
 WARN [2016-09-07 15:24:17,121] (ComponentFactory.java:getComponentBean:1149) - Unable to get component for id 'DelegateGroup': Unable to get bean for id 'DelegateGroup'
 WARN [2016-09-07 15:24:17,123] (ComponentFactory.java:getComponentBean:1149) - Unable to get component for id 'ManagedTopics': Unable to get bean for id 'ManagedTopics'
 WARN [2016-09-07 15:24:17,124] (ComponentFactory.java:getComponentBean:1149) - Unable to get component for id 'KeywordList': Unable to get bean for id 'KeywordList'
 WARN [2016-09-07 15:24:17,126] (ComponentFactory.java:getComponentBean:1149) - Unable to get component for id 'ModerationRule': Unable to get bean for id 'ModerationRule'
 WARN [2016-09-07 15:24:17,127] (ComponentFactory.java:getComponentBean:1149) - Unable to get component for id 'CorsWhitelistOrigin': Unable to get bean for id 'CorsWhitelistOrigin'
 WARN [2016-09-07 15:24:17,128] (ComponentFactory.java:getComponentBean:1149) - Unable to get component for id 'ActionLinkGroupTemplate': Unable to get bean for id 'ActionLinkGroupTemplate'
 WARN [2016-09-07 15:24:17,130] (ComponentFactory.java:getComponentBean:1149) - Unable to get component for id 'TransactionSecurityPolicy': Unable to get bean for id 'TransactionSecurityPolicy'
 WARN [2016-09-07 15:24:17,131] (ComponentFactory.java:getComponentBean:1149) - Unable to get component for id 'SynonymDictionary': Unable to get bean for id 'SynonymDictionary'
 WARN [2016-09-07 15:24:17,132] (ComponentFactory.java:getComponentBean:1149) - Unable to get component for id 'PathAssistant': Unable to get bean for id 'PathAssistant'
 WARN [2016-09-07 15:24:17,134] (ComponentFactory.java:getComponentBean:1149) - Unable to get component for id 'PlatformCachePartition': Unable to get bean for id 'PlatformCachePartition'
 WARN [2016-09-07 15:24:18,177] (ComponentFactory.java:getComponentBean:1149) - Unable to get component for id 'Certificate': Unable to get bean for id 'Certificate'
 WARN [2016-09-07 15:24:18,179] (ComponentFactory.java:getComponentBean:1149) - Unable to get component for id 'AuraDefinitionBundle': Unable to get bean for id 'AuraDefinitionBundle'
 WARN [2016-09-07 15:24:18,183] (ComponentFactory.java:getComponentBean:1149) - Unable to get component for id 'ExternalDataSource': Unable to get bean for id 'ExternalDataSource'
 WARN [2016-09-07 15:24:18,186] (ComponentFactory.java:getComponentBean:1149) - Unable to get component for id 'NamedCredential': Unable to get bean for id 'NamedCredential'
 WARN [2016-09-07 15:24:18,188] (ComponentFactory.java:getComponentBean:1149) - Unable to get component for id 'GlobalPicklist': Unable to get bean for id 'GlobalPicklist'
 WARN [2016-09-07 15:24:18,192] (ComponentFactory.java:getComponentBean:1149) - Unable to get component for id 'CustomFeedFilter': Unable to get bean for id 'CustomFeedFilter'
 WARN [2016-09-07 15:24:18,196] (ComponentFactory.java:getComponentBean:1149) - Unable to get component for id 'FlowDefinition': Unable to get bean for id 'FlowDefinition'
 WARN [2016-09-07 15:24:18,200] (ComponentFactory.java:getComponentBean:1149) - Unable to get component for id 'MatchingRules': Unable to get bean for id 'MatchingRules'
 WARN [2016-09-07 15:24:18,202] (ComponentFactory.java:getComponentBean:1149) - Unable to get component for id 'ChannelLayout': Unable to get bean for id 'ChannelLayout'
 WARN [2016-09-07 15:24:18,203] (ComponentFactory.java:getComponentBean:1149) - Unable to get component for id 'SharingRules': Unable to get bean for id 'SharingRules'
 WARN [2016-09-07 15:24:18,206] (ComponentFactory.java:getComponentBean:1149) - Unable to get component for id 'DelegateGroup': Unable to get bean for id 'DelegateGroup'
 WARN [2016-09-07 15:24:18,208] (ComponentFactory.java:getComponentBean:1149) - Unable to get component for id 'ManagedTopics': Unable to get bean for id 'ManagedTopics'
 WARN [2016-09-07 15:24:18,210] (ComponentFactory.java:getComponentBean:1149) - Unable to get component for id 'KeywordList': Unable to get bean for id 'KeywordList'
 WARN [2016-09-07 15:24:18,212] (ComponentFactory.java:getComponentBean:1149) - Unable to get component for id 'ModerationRule': Unable to get bean for id 'ModerationRule'
 WARN [2016-09-07 15:24:18,214] (ComponentFactory.java:getComponentBean:1149) - Unable to get component for id 'CorsWhitelistOrigin': Unable to get bean for id 'CorsWhitelistOrigin'
 WARN [2016-09-07 15:24:18,215] (ComponentFactory.java:getComponentBean:1149) - Unable to get component for id 'ActionLinkGroupTemplate': Unable to get bean for id 'ActionLinkGroupTemplate'
 WARN [2016-09-07 15:24:18,217] (ComponentFactory.java:getComponentBean:1149) - Unable to get component for id 'TransactionSecurityPolicy': Unable to get bean for id 'TransactionSecurityPolicy'
 WARN [2016-09-07 15:24:18,219] (ComponentFactory.java:getComponentBean:1149) - Unable to get component for id 'SynonymDictionary': Unable to get bean for id 'SynonymDictionary'
 WARN [2016-09-07 15:24:18,221] (ComponentFactory.java:getComponentBean:1149) - Unable to get component for id 'PathAssistant': Unable to get bean for id 'PathAssistant'
 WARN [2016-09-07 15:24:18,222] (ComponentFactory.java:getComponentBean:1149) - Unable to get component for id 'PlatformCachePartition': Unable to get bean for id 'PlatformCachePartition'
 WARN [2016-09-07 15:24:19,615] (ComponentFactory.java:getComponentBean:1149) - Unable to get component for id 'Certificate': Unable to get bean for id 'Certificate'
 WARN [2016-09-07 15:24:19,617] (ComponentFactory.java:getComponentBean:1149) - Unable to get component for id 'AuraDefinitionBundle': Unable to get bean for id 'AuraDefinitionBundle'
 WARN [2016-09-07 15:24:19,621] (ComponentFactory.java:getComponentBean:1149) - Unable to get component for id 'ExternalDataSource': Unable to get bean for id 'ExternalDataSource'
 WARN [2016-09-07 15:24:19,623] (ComponentFactory.java:getComponentBean:1149) - Unable to get component for id 'NamedCredential': Unable to get bean for id 'NamedCredential'
 WARN [2016-09-07 15:24:19,625] (ComponentFactory.java:getComponentBean:1149) - Unable to get component for id 'GlobalPicklist': Unable to get bean for id 'GlobalPicklist'
 WARN [2016-09-07 15:24:19,629] (ComponentFactory.java:getComponentBean:1149) - Unable to get component for id 'CustomFeedFilter': Unable to get bean for id 'CustomFeedFilter'
 WARN [2016-09-07 15:24:19,632] (ComponentFactory.java:getComponentBean:1149) - Unable to get component for id 'FlowDefinition': Unable to get bean for id 'FlowDefinition'
 WARN [2016-09-07 15:24:19,636] (ComponentFactory.java:getComponentBean:1149) - Unable to get component for id 'MatchingRules': Unable to get bean for id 'MatchingRules'
 WARN [2016-09-07 15:24:19,638] (ComponentFactory.java:getComponentBean:1149) - Unable to get component for id 'ChannelLayout': Unable to get bean for id 'ChannelLayout'
 WARN [2016-09-07 15:24:19,640] (ComponentFactory.java:getComponentBean:1149) - Unable to get component for id 'SharingRules': Unable to get bean for id 'SharingRules'
 WARN [2016-09-07 15:24:19,642] (ComponentFactory.java:getComponentBean:1149) - Unable to get component for id 'DelegateGroup': Unable to get bean for id 'DelegateGroup'
 WARN [2016-09-07 15:24:19,644] (ComponentFactory.java:getComponentBean:1149) - Unable to get component for id 'ManagedTopics': Unable to get bean for id 'ManagedTopics'
 WARN [2016-09-07 15:24:19,646] (ComponentFactory.java:getComponentBean:1149) - Unable to get component for id 'KeywordList': Unable to get bean for id 'KeywordList'
 WARN [2016-09-07 15:24:19,647] (ComponentFactory.java:getComponentBean:1149) - Unable to get component for id 'ModerationRule': Unable to get bean for id 'ModerationRule'
 WARN [2016-09-07 15:24:19,649] (ComponentFactory.java:getComponentBean:1149) - Unable to get component for id 'CorsWhitelistOrigin': Unable to get bean for id 'CorsWhitelistOrigin'
 WARN [2016-09-07 15:24:19,651] (ComponentFactory.java:getComponentBean:1149) - Unable to get component for id 'ActionLinkGroupTemplate': Unable to get bean for id 'ActionLinkGroupTemplate'
 WARN [2016-09-07 15:24:19,653] (ComponentFactory.java:getComponentBean:1149) - Unable to get component for id 'TransactionSecurityPolicy': Unable to get bean for id 'TransactionSecurityPolicy'
 WARN [2016-09-07 15:24:19,654] (ComponentFactory.java:getComponentBean:1149) - Unable to get component for id 'SynonymDictionary': Unable to get bean for id 'SynonymDictionary'
 WARN [2016-09-07 15:24:19,656] (ComponentFactory.java:getComponentBean:1149) - Unable to get component for id 'PathAssistant': Unable to get bean for id 'PathAssistant'
 WARN [2016-09-07 15:24:19,658] (ComponentFactory.java:getComponentBean:1149) - Unable to get component for id 'PlatformCachePartition': Unable to get bean for id 'PlatformCachePartition'
 WARN [2016-09-07 15:24:20,929] (ComponentFactory.java:getComponentBean:1149) - Unable to get component for id 'Certificate': Unable to get bean for id 'Certificate'
 WARN [2016-09-07 15:24:20,933] (ComponentFactory.java:getComponentBean:1149) - Unable to get component for id 'AuraDefinitionBundle': Unable to get bean for id 'AuraDefinitionBundle'
 WARN [2016-09-07 15:24:20,940] (ComponentFactory.java:getComponentBean:1149) - Unable to get component for id 'ExternalDataSource': Unable to get bean for id 'ExternalDataSource'
 WARN [2016-09-07 15:24:20,944] (ComponentFactory.java:getComponentBean:1149) - Unable to get component for id 'NamedCredential': Unable to get bean for id 'NamedCredential'
 WARN [2016-09-07 15:24:20,948] (ComponentFactory.java:getComponentBean:1149) - Unable to get component for id 'GlobalPicklist': Unable to get bean for id 'GlobalPicklist'
 WARN [2016-09-07 15:24:20,953] (ComponentFactory.java:getComponentBean:1149) - Unable to get component for id 'CustomFeedFilter': Unable to get bean for id 'CustomFeedFilter'
 WARN [2016-09-07 15:24:20,958] (ComponentFactory.java:getComponentBean:1149) - Unable to get component for id 'FlowDefinition': Unable to get bean for id 'FlowDefinition'
 WARN [2016-09-07 15:24:20,963] (ComponentFactory.java:getComponentBean:1149) - Unable to get component for id 'MatchingRules': Unable to get bean for id 'MatchingRules'
 WARN [2016-09-07 15:24:20,965] (ComponentFactory.java:getComponentBean:1149) - Unable to get component for id 'ChannelLayout': Unable to get bean for id 'ChannelLayout'
 WARN [2016-09-07 15:24:20,988] (ComponentFactory.java:getComponentBean:1149) - Unable to get component for id 'SharingRules': Unable to get bean for id 'SharingRules'
 WARN [2016-09-07 15:24:20,991] (ComponentFactory.java:getComponentBean:1149) - Unable to get component for id 'DelegateGroup': Unable to get bean for id 'DelegateGroup'
 WARN [2016-09-07 15:24:20,993] (ComponentFactory.java:getComponentBean:1149) - Unable to get component for id 'ManagedTopics': Unable to get bean for id 'ManagedTopics'
 WARN [2016-09-07 15:24:20,994] (ComponentFactory.java:getComponentBean:1149) - Unable to get component for id 'KeywordList': Unable to get bean for id 'KeywordList'
 WARN [2016-09-07 15:24:20,996] (ComponentFactory.java:getComponentBean:1149) - Unable to get component for id 'ModerationRule': Unable to get bean for id 'ModerationRule'
 WARN [2016-09-07 15:24:20,997] (ComponentFactory.java:getComponentBean:1149) - Unable to get component for id 'CorsWhitelistOrigin': Unable to get bean for id 'CorsWhitelistOrigin'
 WARN [2016-09-07 15:24:20,999] (ComponentFactory.java:getComponentBean:1149) - Unable to get component for id 'ActionLinkGroupTemplate': Unable to get bean for id 'ActionLinkGroupTemplate'
 WARN [2016-09-07 15:24:21,000] (ComponentFactory.java:getComponentBean:1149) - Unable to get component for id 'TransactionSecurityPolicy': Unable to get bean for id 'TransactionSecurityPolicy'
 WARN [2016-09-07 15:24:21,001] (ComponentFactory.java:getComponentBean:1149) - Unable to get component for id 'SynonymDictionary': Unable to get bean for id 'SynonymDictionary'
 WARN [2016-09-07 15:24:21,003] (ComponentFactory.java:getComponentBean:1149) - Unable to get component for id 'PathAssistant': Unable to get bean for id 'PathAssistant'
 WARN [2016-09-07 15:24:21,005] (ComponentFactory.java:getComponentBean:1149) - Unable to get component for id 'PlatformCachePartition': Unable to get bean for id 'PlatformCachePartition'
 WARN [2016-09-07 15:24:22,125] (ComponentFactory.java:getComponentBean:1149) - Unable to get component for id 'Certificate': Unable to get bean for id 'Certificate'
 WARN [2016-09-07 15:24:22,126] (ComponentFactory.java:getComponentBean:1149) - Unable to get component for id 'AuraDefinitionBundle': Unable to get bean for id 'AuraDefinitionBundle'
 WARN [2016-09-07 15:24:22,129] (ComponentFactory.java:getComponentBean:1149) - Unable to get component for id 'ExternalDataSource': Unable to get bean for id 'ExternalDataSource'
 WARN [2016-09-07 15:24:22,130] (ComponentFactory.java:getComponentBean:1149) - Unable to get component for id 'NamedCredential': Unable to get bean for id 'NamedCredential'
 WARN [2016-09-07 15:24:22,132] (ComponentFactory.java:getComponentBean:1149) - Unable to get component for id 'GlobalPicklist': Unable to get bean for id 'GlobalPicklist'
 WARN [2016-09-07 15:24:22,135] (ComponentFactory.java:getComponentBean:1149) - Unable to get component for id 'CustomFeedFilter': Unable to get bean for id 'CustomFeedFilter'
 WARN [2016-09-07 15:24:22,139] (ComponentFactory.java:getComponentBean:1149) - Unable to get component for id 'FlowDefinition': Unable to get bean for id 'FlowDefinition'
 WARN [2016-09-07 15:24:22,143] (ComponentFactory.java:getComponentBean:1149) - Unable to get component for id 'MatchingRules': Unable to get bean for id 'MatchingRules'
 WARN [2016-09-07 15:24:22,144] (ComponentFactory.java:getComponentBean:1149) - Unable to get component for id 'ChannelLayout': Unable to get bean for id 'ChannelLayout'
 WARN [2016-09-07 15:24:22,146] (ComponentFactory.java:getComponentBean:1149) - Unable to get component for id 'SharingRules': Unable to get bean for id 'SharingRules'
 WARN [2016-09-07 15:24:22,148] (ComponentFactory.java:getComponentBean:1149) - Unable to get component for id 'DelegateGroup': Unable to get bean for id 'DelegateGroup'
 WARN [2016-09-07 15:24:22,149] (ComponentFactory.java:getComponentBean:1149) - Unable to get component for id 'ManagedTopics': Unable to get bean for id 'ManagedTopics'
 WARN [2016-09-07 15:24:22,151] (ComponentFactory.java:getComponentBean:1149) - Unable to get component for id 'KeywordList': Unable to get bean for id 'KeywordList'
 WARN [2016-09-07 15:24:22,152] (ComponentFactory.java:getComponentBean:1149) - Unable to get component for id 'ModerationRule': Unable to get bean for id 'ModerationRule'
 WARN [2016-09-07 15:24:22,154] (ComponentFactory.java:getComponentBean:1149) - Unable to get component for id 'CorsWhitelistOrigin': Unable to get bean for id 'CorsWhitelistOrigin'
 WARN [2016-09-07 15:24:22,155] (ComponentFactory.java:getComponentBean:1149) - Unable to get component for id 'ActionLinkGroupTemplate': Unable to get bean for id 'ActionLinkGroupTemplate'
 WARN [2016-09-07 15:24:22,157] (ComponentFactory.java:getComponentBean:1149) - Unable to get component for id 'TransactionSecurityPolicy': Unable to get bean for id 'TransactionSecurityPolicy'
 WARN [2016-09-07 15:24:22,158] (ComponentFactory.java:getComponentBean:1149) - Unable to get component for id 'SynonymDictionary': Unable to get bean for id 'SynonymDictionary'
 WARN [2016-09-07 15:24:22,160] (ComponentFactory.java:getComponentBean:1149) - Unable to get component for id 'PathAssistant': Unable to get bean for id 'PathAssistant'
 WARN [2016-09-07 15:24:22,162] (ComponentFactory.java:getComponentBean:1149) - Unable to get component for id 'PlatformCachePartition': Unable to get bean for id 'PlatformCachePartition'
 WARN [2016-09-07 15:24:48,424] (ComponentFactory.java:getComponentBean:1149) - Unable to get component for id 'ActionLinkGroupTemplate': Unable to get bean for id 'ActionLinkGroupTemplate'
 WARN [2016-09-07 15:24:48,441] (ComponentFactory.java:getComponentBean:1149) - Unable to get component for id 'AuraDefinitionBundle': Unable to get bean for id 'AuraDefinitionBundle'
 WARN [2016-09-07 15:24:48,446] (ComponentFactory.java:getComponentBean:1149) - Unable to get component for id 'BusinessProcess': Unable to get bean for id 'BusinessProcess'
 WARN [2016-09-07 15:24:48,449] (ComponentFactory.java:getComponentBean:1149) - Unable to get component for id 'Certificate': Unable to get bean for id 'Certificate'
 WARN [2016-09-07 15:24:48,451] (ComponentFactory.java:getComponentBean:1149) - Unable to get component for id 'ChannelLayout': Unable to get bean for id 'ChannelLayout'
 WARN [2016-09-07 15:24:48,455] (ComponentFactory.java:getComponentBean:1149) - Unable to get component for id 'CompactLayout': Unable to get bean for id 'CompactLayout'
 WARN [2016-09-07 15:24:48,458] (ComponentFactory.java:getComponentBean:1149) - Unable to get component for id 'CorsWhitelistOrigin': Unable to get bean for id 'CorsWhitelistOrigin'
 WARN [2016-09-07 15:24:48,463] (ComponentFactory.java:getComponentBean:1149) - Unable to get component for id 'CustomFeedFilter': Unable to get bean for id 'CustomFeedFilter'
 WARN [2016-09-07 15:24:48,465] (ComponentFactory.java:getComponentBean:1149) - Unable to get component for id 'CustomField': Unable to get bean for id 'CustomField'
 WARN [2016-09-07 15:24:48,468] (ComponentFactory.java:getComponentBean:1149) - Unable to get component for id 'CustomLabel': Unable to get bean for id 'CustomLabel'
 WARN [2016-09-07 15:24:49,124] (ComponentFactory.java:getComponentBean:1149) - Unable to get component for id 'Certificate': Unable to get bean for id 'Certificate'
 WARN [2016-09-07 15:24:49,126] (ComponentFactory.java:getComponentBean:1149) - Unable to get component for id 'AuraDefinitionBundle': Unable to get bean for id 'AuraDefinitionBundle'
 WARN [2016-09-07 15:24:49,129] (ComponentFactory.java:getComponentBean:1149) - Unable to get component for id 'ExternalDataSource': Unable to get bean for id 'ExternalDataSource'
 WARN [2016-09-07 15:24:49,130] (ComponentFactory.java:getComponentBean:1149) - Unable to get component for id 'NamedCredential': Unable to get bean for id 'NamedCredential'
 WARN [2016-09-07 15:24:49,148] (ComponentFactory.java:getComponentBean:1149) - Unable to get component for id 'GlobalPicklist': Unable to get bean for id 'GlobalPicklist'
 WARN [2016-09-07 15:24:49,150] (ComponentFactory.java:getComponentBean:1149) - Unable to get component for id 'CustomFeedFilter': Unable to get bean for id 'CustomFeedFilter'
 WARN [2016-09-07 15:24:49,153] (ComponentFactory.java:getComponentBean:1149) - Unable to get component for id 'FlowDefinition': Unable to get bean for id 'FlowDefinition'
 WARN [2016-09-07 15:24:49,156] (ComponentFactory.java:getComponentBean:1149) - Unable to get component for id 'MatchingRules': Unable to get bean for id 'MatchingRules'
 WARN [2016-09-07 15:24:49,158] (ComponentFactory.java:getComponentBean:1149) - Unable to get component for id 'ChannelLayout': Unable to get bean for id 'ChannelLayout'
 WARN [2016-09-07 15:24:49,160] (ComponentFactory.java:getComponentBean:1149) - Unable to get component for id 'SharingRules': Unable to get bean for id 'SharingRules'
 WARN [2016-09-07 15:24:49,161] (ComponentFactory.java:getComponentBean:1149) - Unable to get component for id 'DelegateGroup': Unable to get bean for id 'DelegateGroup'
 WARN [2016-09-07 15:24:49,163] (ComponentFactory.java:getComponentBean:1149) - Unable to get component for id 'ManagedTopics': Unable to get bean for id 'ManagedTopics'
 WARN [2016-09-07 15:24:49,164] (ComponentFactory.java:getComponentBean:1149) - Unable to get component for id 'KeywordList': Unable to get bean for id 'KeywordList'
 WARN [2016-09-07 15:24:49,165] (ComponentFactory.java:getComponentBean:1149) - Unable to get component for id 'ModerationRule': Unable to get bean for id 'ModerationRule'
 WARN [2016-09-07 15:24:49,167] (ComponentFactory.java:getComponentBean:1149) - Unable to get component for id 'CorsWhitelistOrigin': Unable to get bean for id 'CorsWhitelistOrigin'
 WARN [2016-09-07 15:24:49,168] (ComponentFactory.java:getComponentBean:1149) - Unable to get component for id 'ActionLinkGroupTemplate': Unable to get bean for id 'ActionLinkGroupTemplate'
 WARN [2016-09-07 15:24:49,169] (ComponentFactory.java:getComponentBean:1149) - Unable to get component for id 'TransactionSecurityPolicy': Unable to get bean for id 'TransactionSecurityPolicy'
 WARN [2016-09-07 15:24:49,171] (ComponentFactory.java:getComponentBean:1149) - Unable to get component for id 'SynonymDictionary': Unable to get bean for id 'SynonymDictionary'
 WARN [2016-09-07 15:24:49,172] (ComponentFactory.java:getComponentBean:1149) - Unable to get component for id 'PathAssistant': Unable to get bean for id 'PathAssistant'
 WARN [2016-09-07 15:24:49,173] (ComponentFactory.java:getComponentBean:1149) - Unable to get component for id 'PlatformCachePartition': Unable to get bean for id 'PlatformCachePartition'
 WARN [2016-09-07 15:24:49,852] (ComponentFactory.java:getComponentBean:1149) - Unable to get component for id 'DelegateGroup': Unable to get bean for id 'DelegateGroup'
 WARN [2016-09-07 15:24:50,477] (ComponentFactory.java:getComponentBean:1149) - Unable to get component for id 'Certificate': Unable to get bean for id 'Certificate'
 WARN [2016-09-07 15:24:50,479] (ComponentFactory.java:getComponentBean:1149) - Unable to get component for id 'AuraDefinitionBundle': Unable to get bean for id 'AuraDefinitionBundle'
 WARN [2016-09-07 15:24:50,482] (ComponentFactory.java:getComponentBean:1149) - Unable to get component for id 'ExternalDataSource': Unable to get bean for id 'ExternalDataSource'
 WARN [2016-09-07 15:24:50,484] (ComponentFactory.java:getComponentBean:1149) - Unable to get component for id 'NamedCredential': Unable to get bean for id 'NamedCredential'
 WARN [2016-09-07 15:24:50,486] (ComponentFactory.java:getComponentBean:1149) - Unable to get component for id 'GlobalPicklist': Unable to get bean for id 'GlobalPicklist'
 WARN [2016-09-07 15:24:50,488] (ComponentFactory.java:getComponentBean:1149) - Unable to get component for id 'CustomFeedFilter': Unable to get bean for id 'CustomFeedFilter'
 WARN [2016-09-07 15:24:50,491] (ComponentFactory.java:getComponentBean:1149) - Unable to get component for id 'FlowDefinition': Unable to get bean for id 'FlowDefinition'
 WARN [2016-09-07 15:24:50,495] (ComponentFactory.java:getComponentBean:1149) - Unable to get component for id 'MatchingRules': Unable to get bean for id 'MatchingRules'
 WARN [2016-09-07 15:24:50,497] (ComponentFactory.java:getComponentBean:1149) - Unable to get component for id 'ChannelLayout': Unable to get bean for id 'ChannelLayout'
 WARN [2016-09-07 15:24:50,498] (ComponentFactory.java:getComponentBean:1149) - Unable to get component for id 'SharingRules': Unable to get bean for id 'SharingRules'
 WARN [2016-09-07 15:24:50,500] (ComponentFactory.java:getComponentBean:1149) - Unable to get component for id 'DelegateGroup': Unable to get bean for id 'DelegateGroup'
 WARN [2016-09-07 15:24:50,502] (ComponentFactory.java:getComponentBean:1149) - Unable to get component for id 'ManagedTopics': Unable to get bean for id 'ManagedTopics'
 WARN [2016-09-07 15:24:50,505] (ComponentFactory.java:getComponentBean:1149) - Unable to get component for id 'KeywordList': Unable to get bean for id 'KeywordList'
 WARN [2016-09-07 15:24:50,506] (ComponentFactory.java:getComponentBean:1149) - Unable to get component for id 'ModerationRule': Unable to get bean for id 'ModerationRule'
 WARN [2016-09-07 15:24:50,507] (ComponentFactory.java:getComponentBean:1149) - Unable to get component for id 'CorsWhitelistOrigin': Unable to get bean for id 'CorsWhitelistOrigin'
 WARN [2016-09-07 15:24:50,509] (ComponentFactory.java:getComponentBean:1149) - Unable to get component for id 'ActionLinkGroupTemplate': Unable to get bean for id 'ActionLinkGroupTemplate'
 WARN [2016-09-07 15:24:50,510] (ComponentFactory.java:getComponentBean:1149) - Unable to get component for id 'TransactionSecurityPolicy': Unable to get bean for id 'TransactionSecurityPolicy'
 WARN [2016-09-07 15:24:50,511] (ComponentFactory.java:getComponentBean:1149) - Unable to get component for id 'SynonymDictionary': Unable to get bean for id 'SynonymDictionary'
 WARN [2016-09-07 15:24:50,512] (ComponentFactory.java:getComponentBean:1149) - Unable to get component for id 'PathAssistant': Unable to get bean for id 'PathAssistant'
 WARN [2016-09-07 15:24:50,514] (ComponentFactory.java:getComponentBean:1149) - Unable to get component for id 'PlatformCachePartition': Unable to get bean for id 'PlatformCachePartition'
 WARN [2016-09-07 15:24:51,739] (ComponentFactory.java:getComponentBean:1149) - Unable to get component for id 'Certificate': Unable to get bean for id 'Certificate'
 WARN [2016-09-07 15:24:51,744] (ComponentFactory.java:getComponentBean:1149) - Unable to get component for id 'AuraDefinitionBundle': Unable to get bean for id 'AuraDefinitionBundle'
 WARN [2016-09-07 15:24:51,748] (ComponentFactory.java:getComponentBean:1149) - Unable to get component for id 'ExternalDataSource': Unable to get bean for id 'ExternalDataSource'
 WARN [2016-09-07 15:24:51,751] (ComponentFactory.java:getComponentBean:1149) - Unable to get component for id 'NamedCredential': Unable to get bean for id 'NamedCredential'
 WARN [2016-09-07 15:24:51,753] (ComponentFactory.java:getComponentBean:1149) - Unable to get component for id 'GlobalPicklist': Unable to get bean for id 'GlobalPicklist'
 WARN [2016-09-07 15:24:51,756] (ComponentFactory.java:getComponentBean:1149) - Unable to get component for id 'CustomFeedFilter': Unable to get bean for id 'CustomFeedFilter'
 WARN [2016-09-07 15:24:51,761] (ComponentFactory.java:getComponentBean:1149) - Unable to get component for id 'FlowDefinition': Unable to get bean for id 'FlowDefinition'
 WARN [2016-09-07 15:24:51,765] (ComponentFactory.java:getComponentBean:1149) - Unable to get component for id 'MatchingRules': Unable to get bean for id 'MatchingRules'
 WARN [2016-09-07 15:24:51,767] (ComponentFactory.java:getComponentBean:1149) - Unable to get component for id 'ChannelLayout': Unable to get bean for id 'ChannelLayout'
 WARN [2016-09-07 15:24:51,768] (ComponentFactory.java:getComponentBean:1149) - Unable to get component for id 'SharingRules': Unable to get bean for id 'SharingRules'
 WARN [2016-09-07 15:24:51,770] (ComponentFactory.java:getComponentBean:1149) - Unable to get component for id 'DelegateGroup': Unable to get bean for id 'DelegateGroup'
 WARN [2016-09-07 15:24:51,772] (ComponentFactory.java:getComponentBean:1149) - Unable to get component for id 'ManagedTopics': Unable to get bean for id 'ManagedTopics'
 WARN [2016-09-07 15:24:51,773] (ComponentFactory.java:getComponentBean:1149) - Unable to get component for id 'KeywordList': Unable to get bean for id 'KeywordList'
 WARN [2016-09-07 15:24:51,775] (ComponentFactory.java:getComponentBean:1149) - Unable to get component for id 'ModerationRule': Unable to get bean for id 'ModerationRule'
 WARN [2016-09-07 15:24:51,776] (ComponentFactory.java:getComponentBean:1149) - Unable to get component for id 'CorsWhitelistOrigin': Unable to get bean for id 'CorsWhitelistOrigin'
 WARN [2016-09-07 15:24:51,777] (ComponentFactory.java:getComponentBean:1149) - Unable to get component for id 'ActionLinkGroupTemplate': Unable to get bean for id 'ActionLinkGroupTemplate'
 WARN [2016-09-07 15:24:51,779] (ComponentFactory.java:getComponentBean:1149) - Unable to get component for id 'TransactionSecurityPolicy': Unable to get bean for id 'TransactionSecurityPolicy'
 WARN [2016-09-07 15:24:51,781] (ComponentFactory.java:getComponentBean:1149) - Unable to get component for id 'SynonymDictionary': Unable to get bean for id 'SynonymDictionary'
 WARN [2016-09-07 15:24:51,782] (ComponentFactory.java:getComponentBean:1149) - Unable to get component for id 'PathAssistant': Unable to get bean for id 'PathAssistant'
 WARN [2016-09-07 15:24:51,783] (ComponentFactory.java:getComponentBean:1149) - Unable to get component for id 'PlatformCachePartition': Unable to get bean for id 'PlatformCachePartition'
 WARN [2016-09-07 15:24:52,285] (ComponentFactory.java:getComponentBean:1149) - Unable to get component for id 'ExternalDataSource': Unable to get bean for id 'ExternalDataSource'
 WARN [2016-09-07 15:24:52,292] (ComponentFactory.java:getComponentBean:1149) - Unable to get component for id 'FieldSet': Unable to get bean for id 'FieldSet'
 WARN [2016-09-07 15:24:52,299] (ComponentFactory.java:getComponentBean:1149) - Unable to get component for id 'FlowDefinition': Unable to get bean for id 'FlowDefinition'
 WARN [2016-09-07 15:24:52,303] (ComponentFactory.java:getComponentBean:1149) - Unable to get component for id 'GlobalPicklist': Unable to get bean for id 'GlobalPicklist'
 WARN [2016-09-07 15:24:52,310] (ComponentFactory.java:getComponentBean:1149) - Unable to get component for id 'KeywordList': Unable to get bean for id 'KeywordList'
 WARN [2016-09-07 15:24:52,317] (ComponentFactory.java:getComponentBean:1149) - Unable to get component for id 'ListView': Unable to get bean for id 'ListView'
 WARN [2016-09-07 15:24:52,320] (ComponentFactory.java:getComponentBean:1149) - Unable to get component for id 'ManagedTopic': Unable to get bean for id 'ManagedTopic'
 WARN [2016-09-07 15:24:52,322] (ComponentFactory.java:getComponentBean:1149) - Unable to get component for id 'ManagedTopics': Unable to get bean for id 'ManagedTopics'
 WARN [2016-09-07 15:24:52,324] (ComponentFactory.java:getComponentBean:1149) - Unable to get component for id 'MatchingRule': Unable to get bean for id 'MatchingRule'
 WARN [2016-09-07 15:24:52,327] (ComponentFactory.java:getComponentBean:1149) - Unable to get component for id 'MatchingRules': Unable to get bean for id 'MatchingRules'
 WARN [2016-09-07 15:24:52,330] (ComponentFactory.java:getComponentBean:1149) - Unable to get component for id 'ModerationRule': Unable to get bean for id 'ModerationRule'
 WARN [2016-09-07 15:24:52,332] (ComponentFactory.java:getComponentBean:1149) - Unable to get component for id 'NamedCredential': Unable to get bean for id 'NamedCredential'
 WARN [2016-09-07 15:24:52,336] (ComponentFactory.java:getComponentBean:1149) - Unable to get component for id 'PathAssistant': Unable to get bean for id 'PathAssistant'
 WARN [2016-09-07 15:24:52,339] (ComponentFactory.java:getComponentBean:1149) - Unable to get component for id 'PlatformCachePartition': Unable to get bean for id 'PlatformCachePartition'
 WARN [2016-09-07 15:24:52,345] (ComponentFactory.java:getComponentBean:1149) - Unable to get component for id 'RecordType': Unable to get bean for id 'RecordType'
 WARN [2016-09-07 15:24:52,949] (ComponentFactory.java:getComponentBean:1149) - Unable to get component for id 'Certificate': Unable to get bean for id 'Certificate'
 WARN [2016-09-07 15:24:52,951] (ComponentFactory.java:getComponentBean:1149) - Unable to get component for id 'AuraDefinitionBundle': Unable to get bean for id 'AuraDefinitionBundle'
 WARN [2016-09-07 15:24:52,954] (ComponentFactory.java:getComponentBean:1149) - Unable to get component for id 'ExternalDataSource': Unable to get bean for id 'ExternalDataSource'
 WARN [2016-09-07 15:24:52,956] (ComponentFactory.java:getComponentBean:1149) - Unable to get component for id 'NamedCredential': Unable to get bean for id 'NamedCredential'
 WARN [2016-09-07 15:24:52,959] (ComponentFactory.java:getComponentBean:1149) - Unable to get component for id 'GlobalPicklist': Unable to get bean for id 'GlobalPicklist'
 WARN [2016-09-07 15:24:52,962] (ComponentFactory.java:getComponentBean:1149) - Unable to get component for id 'CustomFeedFilter': Unable to get bean for id 'CustomFeedFilter'
 WARN [2016-09-07 15:24:52,966] (ComponentFactory.java:getComponentBean:1149) - Unable to get component for id 'FlowDefinition': Unable to get bean for id 'FlowDefinition'
 WARN [2016-09-07 15:24:52,969] (ComponentFactory.java:getComponentBean:1149) - Unable to get component for id 'MatchingRules': Unable to get bean for id 'MatchingRules'
 WARN [2016-09-07 15:24:52,970] (ComponentFactory.java:getComponentBean:1149) - Unable to get component for id 'ChannelLayout': Unable to get bean for id 'ChannelLayout'
 WARN [2016-09-07 15:24:52,972] (ComponentFactory.java:getComponentBean:1149) - Unable to get component for id 'SharingRules': Unable to get bean for id 'SharingRules'
 WARN [2016-09-07 15:24:52,974] (ComponentFactory.java:getComponentBean:1149) - Unable to get component for id 'DelegateGroup': Unable to get bean for id 'DelegateGroup'
 WARN [2016-09-07 15:24:52,976] (ComponentFactory.java:getComponentBean:1149) - Unable to get component for id 'ManagedTopics': Unable to get bean for id 'ManagedTopics'
 WARN [2016-09-07 15:24:52,978] (ComponentFactory.java:getComponentBean:1149) - Unable to get component for id 'KeywordList': Unable to get bean for id 'KeywordList'
 WARN [2016-09-07 15:24:52,980] (ComponentFactory.java:getComponentBean:1149) - Unable to get component for id 'ModerationRule': Unable to get bean for id 'ModerationRule'
 WARN [2016-09-07 15:24:52,982] (ComponentFactory.java:getComponentBean:1149) - Unable to get component for id 'CorsWhitelistOrigin': Unable to get bean for id 'CorsWhitelistOrigin'
 WARN [2016-09-07 15:24:52,983] (ComponentFactory.java:getComponentBean:1149) - Unable to get component for id 'ActionLinkGroupTemplate': Unable to get bean for id 'ActionLinkGroupTemplate'
 WARN [2016-09-07 15:24:52,985] (ComponentFactory.java:getComponentBean:1149) - Unable to get component for id 'TransactionSecurityPolicy': Unable to get bean for id 'TransactionSecurityPolicy'
 WARN [2016-09-07 15:24:52,987] (ComponentFactory.java:getComponentBean:1149) - Unable to get component for id 'SynonymDictionary': Unable to get bean for id 'SynonymDictionary'
 WARN [2016-09-07 15:24:52,989] (ComponentFactory.java:getComponentBean:1149) - Unable to get component for id 'PathAssistant': Unable to get bean for id 'PathAssistant'
 WARN [2016-09-07 15:24:52,990] (ComponentFactory.java:getComponentBean:1149) - Unable to get component for id 'PlatformCachePartition': Unable to get bean for id 'PlatformCachePartition'
 WARN [2016-09-07 15:24:53,647] (ComponentFactory.java:getComponentBean:1149) - Unable to get component for id 'SharingCriteriaRule': Unable to get bean for id 'SharingCriteriaRule'
 WARN [2016-09-07 15:24:53,651] (ComponentFactory.java:getComponentBean:1149) - Unable to get component for id 'SharingOwnerRule': Unable to get bean for id 'SharingOwnerRule'
 WARN [2016-09-07 15:24:53,655] (ComponentFactory.java:getComponentBean:1149) - Unable to get component for id 'SharingReason': Unable to get bean for id 'SharingReason'
 WARN [2016-09-07 15:24:53,658] (ComponentFactory.java:getComponentBean:1149) - Unable to get component for id 'SharingRules': Unable to get bean for id 'SharingRules'
 WARN [2016-09-07 15:24:53,665] (ComponentFactory.java:getComponentBean:1149) - Unable to get component for id 'TransactionSecurityPolicy': Unable to get bean for id 'TransactionSecurityPolicy'
 WARN [2016-09-07 15:24:53,667] (ComponentFactory.java:getComponentBean:1149) - Unable to get component for id 'ValidationRule': Unable to get bean for id 'ValidationRule'
 WARN [2016-09-07 15:24:53,670] (ComponentFactory.java:getComponentBean:1149) - Unable to get component for id 'WebLink': Unable to get bean for id 'WebLink'
 WARN [2016-09-07 15:24:53,673] (ComponentFactory.java:getComponentBean:1149) - Unable to get component for id 'WorkflowAlert': Unable to get bean for id 'WorkflowAlert'
 WARN [2016-09-07 15:24:53,676] (ComponentFactory.java:getComponentBean:1149) - Unable to get component for id 'WorkflowFieldUpdate': Unable to get bean for id 'WorkflowFieldUpdate'
 WARN [2016-09-07 15:24:53,678] (ComponentFactory.java:getComponentBean:1149) - Unable to get component for id 'WorkflowKnowledgePublish': Unable to get bean for id 'WorkflowKnowledgePublish'
 WARN [2016-09-07 15:24:53,680] (ComponentFactory.java:getComponentBean:1149) - Unable to get component for id 'WorkflowOutboundMessage': Unable to get bean for id 'WorkflowOutboundMessage'
 WARN [2016-09-07 15:24:53,682] (ComponentFactory.java:getComponentBean:1149) - Unable to get component for id 'WorkflowRule': Unable to get bean for id 'WorkflowRule'
 WARN [2016-09-07 15:24:53,684] (ComponentFactory.java:getComponentBean:1149) - Unable to get component for id 'WorkflowSend': Unable to get bean for id 'WorkflowSend'
 WARN [2016-09-07 15:24:53,686] (ComponentFactory.java:getComponentBean:1149) - Unable to get component for id 'WorkflowTask': Unable to get bean for id 'WorkflowTask'
 WARN [2016-09-07 15:24:53,720] (ComponentFactory.java:getComponentBean:1149) - Unable to get component for id 'ActionLinkGroupTemplate': Unable to get bean for id 'ActionLinkGroupTemplate'
 WARN [2016-09-07 15:24:53,737] (ComponentFactory.java:getComponentBean:1149) - Unable to get component for id 'AuraDefinitionBundle': Unable to get bean for id 'AuraDefinitionBundle'
 WARN [2016-09-07 15:24:53,740] (ComponentFactory.java:getComponentBean:1149) - Unable to get component for id 'Certificate': Unable to get bean for id 'Certificate'
 WARN [2016-09-07 15:24:53,742] (ComponentFactory.java:getComponentBean:1149) - Unable to get component for id 'ChannelLayout': Unable to get bean for id 'ChannelLayout'
 WARN [2016-09-07 15:24:53,745] (ComponentFactory.java:getComponentBean:1149) - Unable to get component for id 'CorsWhitelistOrigin': Unable to get bean for id 'CorsWhitelistOrigin'
 WARN [2016-09-07 15:24:53,747] (ComponentFactory.java:getComponentBean:1149) - Unable to get component for id 'CustomFeedFilter': Unable to get bean for id 'CustomFeedFilter'
 WARN [2016-09-07 15:24:53,757] (ComponentFactory.java:getComponentBean:1149) - Unable to get component for id 'DelegateGroup': Unable to get bean for id 'DelegateGroup'
 WARN [2016-09-07 15:24:53,760] (ComponentFactory.java:getComponentBean:1149) - Unable to get component for id 'ExternalDataSource': Unable to get bean for id 'ExternalDataSource'
 WARN [2016-09-07 15:24:53,763] (ComponentFactory.java:getComponentBean:1149) - Unable to get component for id 'FlowDefinition': Unable to get bean for id 'FlowDefinition'
 WARN [2016-09-07 15:24:53,764] (ComponentFactory.java:getComponentBean:1149) - Unable to get component for id 'GlobalPicklist': Unable to get bean for id 'GlobalPicklist'
 WARN [2016-09-07 15:24:53,766] (ComponentFactory.java:getComponentBean:1149) - Unable to get component for id 'KeywordList': Unable to get bean for id 'KeywordList'
 WARN [2016-09-07 15:24:53,769] (ComponentFactory.java:getComponentBean:1149) - Unable to get component for id 'ManagedTopic': Unable to get bean for id 'ManagedTopic'
 WARN [2016-09-07 15:24:53,770] (ComponentFactory.java:getComponentBean:1149) - Unable to get component for id 'ManagedTopics': Unable to get bean for id 'ManagedTopics'
 WARN [2016-09-07 15:24:53,771] (ComponentFactory.java:getComponentBean:1149) - Unable to get component for id 'MatchingRule': Unable to get bean for id 'MatchingRule'
 WARN [2016-09-07 15:24:53,772] (ComponentFactory.java:getComponentBean:1149) - Unable to get component for id 'MatchingRules': Unable to get bean for id 'MatchingRules'
 WARN [2016-09-07 15:24:53,773] (ComponentFactory.java:getComponentBean:1149) - Unable to get component for id 'ModerationRule': Unable to get bean for id 'ModerationRule'
 WARN [2016-09-07 15:24:53,775] (ComponentFactory.java:getComponentBean:1149) - Unable to get component for id 'NamedCredential': Unable to get bean for id 'NamedCredential'
 WARN [2016-09-07 15:24:53,776] (ComponentFactory.java:getComponentBean:1149) - Unable to get component for id 'PathAssistant': Unable to get bean for id 'PathAssistant'
 WARN [2016-09-07 15:24:53,778] (ComponentFactory.java:getComponentBean:1149) - Unable to get component for id 'PlatformCachePartition': Unable to get bean for id 'PlatformCachePartition'
 WARN [2016-09-07 15:24:53,784] (ComponentFactory.java:getComponentBean:1149) - Unable to get component for id 'SharingCriteriaRule': Unable to get bean for id 'SharingCriteriaRule'
 WARN [2016-09-07 15:24:53,785] (ComponentFactory.java:getComponentBean:1149) - Unable to get component for id 'SharingOwnerRule': Unable to get bean for id 'SharingOwnerRule'
 WARN [2016-09-07 15:24:53,786] (ComponentFactory.java:getComponentBean:1149) - Unable to get component for id 'SharingRules': Unable to get bean for id 'SharingRules'
 WARN [2016-09-07 15:24:53,790] (ComponentFactory.java:getComponentBean:1149) - Unable to get component for id 'TransactionSecurityPolicy': Unable to get bean for id 'TransactionSecurityPolicy'
 WARN [2016-09-07 15:27:30,223] (ComponentFactory.java:getComponentByFilePath:614) - No id found for filepath 'connectedApps/MyConference.connectedApp', tagging as component of type 'Unknown'
 WARN [2016-09-07 15:27:30,227] (ComponentFactory.java:getComponentByFilePath:614) - No id found for filepath 'connectedApps/MyLeadWebService.connectedApp', tagging as component of type 'Unknown'
 WARN [2016-09-07 15:27:30,228] (ComponentFactory.java:getComponentByFilePath:614) - No id found for filepath 'connectedApps/fun.connectedApp', tagging as component of type 'Unknown'
ERROR [2016-09-07 15:27:48,142] (SyncServiceListenerBroadcaster.java:handleException:59) - Error executing a contributed ISyncServiceListener
java.lang.NullPointerException
	at com.salesforce.ide.core.model.ComponentList.getComponentFactory(ComponentList.java:62)
	at com.salesforce.ide.core.model.ComponentList.getComponentListForComponentType(ComponentList.java:266)
	at com.salesforce.ide.debug.ui.sync.SyncActionListener.collectDebuggerElements(SyncActionListener.java:154)
	at com.salesforce.ide.debug.ui.sync.SyncActionListener.invalidateApexModelManager(SyncActionListener.java:122)
	at com.salesforce.ide.debug.ui.sync.SyncActionListener.projectSync(SyncActionListener.java:114)
	at com.salesforce.ide.core.services.hooks.SyncServiceListenerBroadcaster$1.run(SyncServiceListenerBroadcaster.java:54)
	at org.eclipse.core.runtime.SafeRunner.run(SafeRunner.java:42)
	at org.eclipse.ui.internal.JFaceUtil$1.run(JFaceUtil.java:50)
	at org.eclipse.jface.util.SafeRunnable.run(SafeRunnable.java:173)
	at com.salesforce.ide.core.services.hooks.SyncServiceListenerBroadcaster.executeExtension(SyncServiceListenerBroadcaster.java:62)
	at com.salesforce.ide.core.services.hooks.SyncServiceListenerBroadcaster.broadcast(SyncServiceListenerBroadcaster.java:40)
	at com.salesforce.ide.core.model.ProjectPackageList.saveResources(ProjectPackageList.java:1212)
	at com.salesforce.ide.core.model.ProjectPackageList.saveResources(ProjectPackageList.java:1129)
	at com.salesforce.ide.core.services.ProjectService$1.run(ProjectService.java:2112)
	at org.eclipse.core.internal.resources.Workspace.run(Workspace.java:2241)
	at com.salesforce.ide.core.services.ProjectService.handleRetrieveResult(ProjectService.java:2108)
	at com.salesforce.ide.ui.actions.RefreshResourceActionController.refreshSourceFolder(RefreshResourceActionController.java:236)
	at com.salesforce.ide.ui.actions.RefreshResourceActionController.handleSourceRefresh(RefreshResourceActionController.java:192)
	at com.salesforce.ide.ui.actions.RefreshResourceActionController.refreshResources(RefreshResourceActionController.java:159)
	at com.salesforce.ide.ui.handlers.RefreshResourceHandler$1.execute(RefreshResourceHandler.java:85)
	at org.eclipse.ui.actions.WorkspaceModifyOperation$1.run(WorkspaceModifyOperation.java:108)
	at org.eclipse.core.internal.resources.Workspace.run(Workspace.java:2241)
	at org.eclipse.ui.actions.WorkspaceModifyOperation.run(WorkspaceModifyOperation.java:130)
	at org.eclipse.jface.operation.ModalContext$ModalContextThread.run(ModalContext.java:119)
